<?xml version="1.0" encoding="UTF-8"?>
<testng-results skipped="0" failed="1" ignored="1" total="9" passed="7">
  <reporter-output>
  </reporter-output>
  <suite name="Loan department" duration-ms="119" started-at="2020-08-20T04:00:49 PDT" finished-at="2020-08-20T04:00:49 PDT">
    <groups>
      <group name="Smoke">
        <method signature="ClassTNG3.WebbikeLogin()[pri:0, instance:testNG.ClassTNG3@711f39f9]" name="WebbikeLogin" class="testNG.ClassTNG3"/>
      </group> <!-- Smoke -->
    </groups>
    <test name="Regression1" duration-ms="62" started-at="2020-08-20T04:00:49 PDT" finished-at="2020-08-20T04:00:49 PDT">
      <class name="testNG.ClassTNG4">
        <test-method status="PASS" signature="Login(java.lang.String)[pri:0, instance:testNG.ClassTNG4@71bbf57e]" name="Login" duration-ms="6" started-at="2020-08-20T04:00:49 PDT" finished-at="2020-08-20T04:00:49 PDT">
          <params>
            <param index="0">
              <value>
                <![CDATA[yahoo.com]]>
              </value>
            </param>
          </params>
          <reporter-output>
          </reporter-output>
        </test-method> <!-- Login -->
      </class> <!-- testNG.ClassTNG4 -->
      <class name="testNG.ClassTNG3">
        <test-method status="PASS" signature="WebHome1Login()[pri:0, instance:testNG.ClassTNG3@711f39f9]" name="WebHome1Login" is-config="true" duration-ms="4" started-at="2020-08-20T04:00:49 PDT" finished-at="2020-08-20T04:00:49 PDT">
          <reporter-output>
          </reporter-output>
        </test-method> <!-- WebHome1Login -->
        <test-method status="PASS" signature="WebCarLogin()[pri:0, instance:testNG.ClassTNG3@711f39f9]" name="WebCarLogin" is-config="true" duration-ms="0" started-at="2020-08-20T04:00:49 PDT" finished-at="2020-08-20T04:00:49 PDT">
          <reporter-output>
          </reporter-output>
        </test-method> <!-- WebCarLogin -->
        <test-method status="PASS" signature="WebbikeLogin()[pri:0, instance:testNG.ClassTNG3@711f39f9]" name="WebbikeLogin" duration-ms="7" started-at="2020-08-20T04:00:49 PDT" finished-at="2020-08-20T04:00:49 PDT">
          <reporter-output>
          </reporter-output>
        </test-method> <!-- WebbikeLogin -->
        <test-method status="PASS" signature="WebHomeLogin()[pri:0, instance:testNG.ClassTNG3@711f39f9]" name="WebHomeLogin" is-config="true" duration-ms="2" started-at="2020-08-20T04:00:49 PDT" finished-at="2020-08-20T04:00:49 PDT">
          <reporter-output>
          </reporter-output>
        </test-method> <!-- WebHomeLogin -->
        <test-method status="PASS" signature="WebHome3Login()[pri:0, instance:testNG.ClassTNG3@711f39f9]" name="WebHome3Login" is-config="true" duration-ms="0" started-at="2020-08-20T04:00:49 PDT" finished-at="2020-08-20T04:00:49 PDT">
          <reporter-output>
          </reporter-output>
        </test-method> <!-- WebHome3Login -->
      </class> <!-- testNG.ClassTNG3 -->
    </test> <!-- Regression1 -->
    <test name="Regression" duration-ms="119" started-at="2020-08-20T04:00:49 PDT" finished-at="2020-08-20T04:00:49 PDT">
      <class name="testNG.ClassTNG2">
        <test-method status="PASS" signature="WebHomeLogin()[pri:0, instance:testNG.ClassTNG2@6e0e048a]" name="WebHomeLogin" duration-ms="6" started-at="2020-08-20T04:00:49 PDT" finished-at="2020-08-20T04:00:49 PDT">
          <reporter-output>
          </reporter-output>
        </test-method> <!-- WebHomeLogin -->
        <test-method status="FAIL" signature="Login(java.lang.String, java.lang.String)[pri:0, instance:testNG.ClassTNG2@6e0e048a]" name="Login" duration-ms="4" started-at="2020-08-20T04:00:49 PDT" finished-at="2020-08-20T04:00:49 PDT">
          <params>
            <param index="0">
              <value>
                <![CDATA[google.com]]>
              </value>
            </param>
            <param index="1">
              <value>
                <![CDATA[Sam]]>
              </value>
            </param>
          </params>
          <exception class="java.lang.AssertionError">
            <message>
              <![CDATA[expected [true] but found [false]]]>
            </message>
            <full-stacktrace>
              <![CDATA[java.lang.AssertionError: expected [true] but found [false]
at org.testng.Assert.fail(Assert.java:99)
at org.testng.Assert.failNotEquals(Assert.java:1037)
at org.testng.Assert.assertTrue(Assert.java:45)
at org.testng.Assert.assertTrue(Assert.java:55)
at testNG.ClassTNG2.Login(ClassTNG2.java:19)
at sun.reflect.NativeMethodAccessorImpl.invoke0(Native Method)
at sun.reflect.NativeMethodAccessorImpl.invoke(Unknown Source)
at sun.reflect.DelegatingMethodAccessorImpl.invoke(Unknown Source)
at java.lang.reflect.Method.invoke(Unknown Source)
at org.testng.internal.MethodInvocationHelper.invokeMethod(MethodInvocationHelper.java:132)
at org.testng.internal.TestInvoker.invokeMethod(TestInvoker.java:599)
at org.testng.internal.TestInvoker.invokeTestMethod(TestInvoker.java:174)
at org.testng.internal.MethodRunner.runInSequence(MethodRunner.java:46)
at org.testng.internal.TestInvoker$MethodInvocationAgent.invoke(TestInvoker.java:822)
at org.testng.internal.TestInvoker.invokeTestMethods(TestInvoker.java:147)
at org.testng.internal.TestMethodWorker.invokeTestMethods(TestMethodWorker.java:146)
at org.testng.internal.TestMethodWorker.run(TestMethodWorker.java:128)
at java.util.ArrayList.forEach(Unknown Source)
at org.testng.TestRunner.privateRun(TestRunner.java:764)
at org.testng.TestRunner.run(TestRunner.java:585)
at org.testng.SuiteRunner.runTest(SuiteRunner.java:384)
at org.testng.SuiteRunner.access$000(SuiteRunner.java:28)
at org.testng.SuiteRunner$SuiteWorker.run(SuiteRunner.java:425)
at org.testng.internal.thread.ThreadUtil.lambda$execute$0(ThreadUtil.java:66)
at java.util.concurrent.FutureTask.run(Unknown Source)
at java.util.concurrent.ThreadPoolExecutor.runWorker(Unknown Source)
at java.util.concurrent.ThreadPoolExecutor$Worker.run(Unknown Source)
at java.lang.Thread.run(Unknown Source)
]]>
            </full-stacktrace>
          </exception> <!-- java.lang.AssertionError -->
          <reporter-output>
          </reporter-output>
        </test-method> <!-- Login -->
        <test-method status="PASS" signature="AppHomeLogin()[pri:0, instance:testNG.ClassTNG2@6e0e048a]" name="AppHomeLogin" duration-ms="6" started-at="2020-08-20T04:00:49 PDT" depends-on-methods="testNG.ClassTNG2.WebHomeLogin" finished-at="2020-08-20T04:00:49 PDT">
          <reporter-output>
          </reporter-output>
        </test-method> <!-- AppHomeLogin -->
      </class> <!-- testNG.ClassTNG2 -->
      <class name="testNG.ClassTNG1">
        <test-method status="PASS" signature="Demo1(java.lang.String, java.lang.String)[pri:0, instance:testNG.ClassTNG1@5b87ed94]" name="Demo1" duration-ms="7" started-at="2020-08-20T04:00:49 PDT" data-provider="getData" finished-at="2020-08-20T04:00:49 PDT">
          <params>
            <param index="0">
              <value>
                <![CDATA[user id]]>
              </value>
            </param>
            <param index="1">
              <value>
                <![CDATA[pass word]]>
              </value>
            </param>
          </params>
          <reporter-output>
          </reporter-output>
        </test-method> <!-- Demo1 -->
        <test-method status="PASS" signature="Demo1(java.lang.String, java.lang.String)[pri:0, instance:testNG.ClassTNG1@5b87ed94]" name="Demo1" duration-ms="3" started-at="2020-08-20T04:00:49 PDT" data-provider="getData" finished-at="2020-08-20T04:00:49 PDT">
          <params>
            <param index="0">
              <value>
                <![CDATA[sirisha]]>
              </value>
            </param>
            <param index="1">
              <value>
                <![CDATA[pass1]]>
              </value>
            </param>
          </params>
          <reporter-output>
          </reporter-output>
        </test-method> <!-- Demo1 -->
        <test-method status="PASS" signature="Demo1(java.lang.String, java.lang.String)[pri:0, instance:testNG.ClassTNG1@5b87ed94]" name="Demo1" duration-ms="3" started-at="2020-08-20T04:00:49 PDT" data-provider="getData" finished-at="2020-08-20T04:00:49 PDT">
          <params>
            <param index="0">
              <value>
                <![CDATA[ravali]]>
              </value>
            </param>
            <param index="1">
              <value>
                <![CDATA[pass2]]>
              </value>
            </param>
          </params>
          <reporter-output>
          </reporter-output>
        </test-method> <!-- Demo1 -->
      </class> <!-- testNG.ClassTNG1 -->
    </test> <!-- Regression -->
  </suite> <!-- Loan department -->
</testng-results>
